{"contracts/Raffle.sol":{"l":{"65":3,"66":3,"67":3,"68":3,"69":3,"70":3,"71":3,"84":4,"85":4,"87":4,"88":4,"90":4,"91":4,"98":1,"99":1,"111":1,"118":0,"119":0,"121":0,"122":0,"124":0,"127":0,"128":0,"131":0,"132":0,"133":0,"135":0,"140":8,"141":1,"143":7,"144":0,"146":7,"147":7,"148":7,"152":1,"156":10,"160":1,"164":0,"168":11,"172":1,"173":1,"174":1,"178":2,"179":1,"181":1},"path":"/home/boss/Projects/hh-fcc/hardhat-smartcontract-lottery-fcc/contracts/Raffle.sol","s":{"1":4,"2":4,"3":4,"4":4,"5":4,"6":1,"7":1,"8":0,"9":0,"10":0,"11":0,"12":0,"13":8,"14":7,"15":7,"16":7,"17":7,"18":1,"19":10,"20":1,"21":0,"22":11,"23":1,"24":1,"25":2},"b":{"1":[4,1],"2":[1,1],"3":[0,0],"4":[0,0],"5":[1,7],"6":[0,7],"7":[1,0],"8":[1,0],"9":[1,1]},"f":{"1":3,"2":4,"3":1,"4":0,"5":8,"6":1,"7":10,"8":1,"9":0,"10":11,"11":1,"12":2},"fnMap":{"1":{"name":"constructor","line":64,"loc":{"start":{"line":57,"column":4},"end":{"line":72,"column":4}}},"2":{"name":"checkUpkeep","line":81,"loc":{"start":{"line":75,"column":4},"end":{"line":92,"column":4}}},"3":{"name":"performUpkeep","line":97,"loc":{"start":{"line":95,"column":4},"end":{"line":112,"column":4}}},"4":{"name":"fulfillRandomWords","line":114,"loc":{"start":{"line":114,"column":4},"end":{"line":136,"column":4}}},"5":{"name":"enterRaffle","line":138,"loc":{"start":{"line":138,"column":4},"end":{"line":149,"column":4}}},"6":{"name":"getRaffleState","line":151,"loc":{"start":{"line":151,"column":4},"end":{"line":153,"column":4}}},"7":{"name":"getEntranceFee","line":155,"loc":{"start":{"line":155,"column":4},"end":{"line":157,"column":4}}},"8":{"name":"getPlayer","line":159,"loc":{"start":{"line":159,"column":4},"end":{"line":161,"column":4}}},"9":{"name":"getRecentWinner","line":163,"loc":{"start":{"line":163,"column":4},"end":{"line":165,"column":4}}},"10":{"name":"getInterval","line":167,"loc":{"start":{"line":167,"column":4},"end":{"line":169,"column":4}}},"11":{"name":"setForwarderAddress","line":171,"loc":{"start":{"line":171,"column":4},"end":{"line":175,"column":4}}},"12":{"name":"onlyForwarder","line":177,"loc":{"start":{"line":177,"column":4},"end":{"line":182,"column":4}}}},"statementMap":{"1":{"start":{"line":84,"column":8},"end":{"line":84,"column":58}},"2":{"start":{"line":85,"column":8},"end":{"line":85,"column":2856}},"3":{"start":{"line":87,"column":8},"end":{"line":87,"column":67}},"4":{"start":{"line":88,"column":8},"end":{"line":88,"column":73}},"5":{"start":{"line":91,"column":8},"end":{"line":91,"column":36}},"6":{"start":{"line":99,"column":8},"end":{"line":99,"column":3448}},"7":{"start":{"line":111,"column":8},"end":{"line":111,"column":45}},"8":{"start":{"line":118,"column":8},"end":{"line":118,"column":4139}},"9":{"start":{"line":121,"column":8},"end":{"line":121,"column":63}},"10":{"start":{"line":124,"column":8},"end":{"line":124,"column":4374}},"11":{"start":{"line":127,"column":8},"end":{"line":127,"column":4477}},"12":{"start":{"line":135,"column":8},"end":{"line":135,"column":41}},"13":{"start":{"line":140,"column":8},"end":{"line":140,"column":4858}},"14":{"start":{"line":143,"column":8},"end":{"line":143,"column":4959}},"15":{"start":{"line":146,"column":8},"end":{"line":146,"column":42}},"16":{"start":{"line":147,"column":8},"end":{"line":147,"column":36}},"17":{"start":{"line":148,"column":8},"end":{"line":148,"column":19}},"18":{"start":{"line":152,"column":8},"end":{"line":152,"column":28}},"19":{"start":{"line":156,"column":8},"end":{"line":156,"column":28}},"20":{"start":{"line":160,"column":8},"end":{"line":160,"column":37}},"21":{"start":{"line":164,"column":8},"end":{"line":164,"column":29}},"22":{"start":{"line":168,"column":8},"end":{"line":168,"column":25}},"23":{"start":{"line":172,"column":8},"end":{"line":172,"column":46}},"24":{"start":{"line":173,"column":8},"end":{"line":173,"column":74}},"25":{"start":{"line":178,"column":8},"end":{"line":178,"column":5973}}},"branchMap":{"1":{"line":81,"type":"if","locations":[{"start":{"line":81,"column":8},"end":{"line":81,"column":8}},{"start":{"line":81,"column":8},"end":{"line":81,"column":8}}]},"2":{"line":97,"type":"if","locations":[{"start":{"line":97,"column":22},"end":{"line":97,"column":22}},{"start":{"line":97,"column":22},"end":{"line":97,"column":22}}]},"3":{"line":118,"type":"if","locations":[{"start":{"line":118,"column":8},"end":{"line":118,"column":8}},{"start":{"line":118,"column":8},"end":{"line":118,"column":8}}]},"4":{"line":127,"type":"if","locations":[{"start":{"line":127,"column":8},"end":{"line":127,"column":8}},{"start":{"line":127,"column":8},"end":{"line":127,"column":8}}]},"5":{"line":140,"type":"if","locations":[{"start":{"line":140,"column":8},"end":{"line":140,"column":8}},{"start":{"line":140,"column":8},"end":{"line":140,"column":8}}]},"6":{"line":143,"type":"if","locations":[{"start":{"line":143,"column":8},"end":{"line":143,"column":8}},{"start":{"line":143,"column":8},"end":{"line":143,"column":8}}]},"7":{"line":171,"type":"if","locations":[{"start":{"line":171,"column":66},"end":{"line":171,"column":66}},{"start":{"line":171,"column":66},"end":{"line":171,"column":66}}]},"8":{"line":172,"type":"if","locations":[{"start":{"line":172,"column":8},"end":{"line":172,"column":8}},{"start":{"line":172,"column":8},"end":{"line":172,"column":8}}]},"9":{"line":178,"type":"if","locations":[{"start":{"line":178,"column":8},"end":{"line":178,"column":8}},{"start":{"line":178,"column":8},"end":{"line":178,"column":8}}]}}},"contracts/VRFCoordinatorV2Plus.sol":{"l":{},"path":"/home/boss/Projects/hh-fcc/hardhat-smartcontract-lottery-fcc/contracts/VRFCoordinatorV2Plus.sol","s":{},"b":{},"f":{},"fnMap":{},"statementMap":{},"branchMap":{}}}